<?xml version="1.0" encoding="UTF-8" ?>
<testsuite tests="1" failures="0" name="TestRunner" time="0.004" errors="1" skipped="0">
  <properties>
[...]
</properties>
  <testcase classname="TestRunner" name="initializationError" time="0.004">
    <error message="Failed to parse resource at: file:///Users/filippaul/Desktop/AQA_PreEmployment_2022/src/test/resources/FeatureFiles/feature.feature
(7:5): expected: #EOF, #Comment, #BackgroundLine, #TagLine, #ScenarioLine, #RuleLine, #Empty, got &apos;When I enter the following credentials:&apos;
(8:7): expected: #EOF, #Comment, #BackgroundLine, #TagLine, #ScenarioLine, #RuleLine, #Empty, got &apos;| username | password |&apos;
(9:7): expected: #EOF, #Comment, #BackgroundLine, #TagLine, #ScenarioLine, #RuleLine, #Empty, got &apos;| standard_user  | secret_sauce  |&apos;
(10:5): expected: #EOF, #Comment, #BackgroundLine, #TagLine, #ScenarioLine, #RuleLine, #Empty, got &apos;Then I am successfully logged in. Pop-up: Change your password&apos;
(13:3): expected: #EOF, #Comment, #BackgroundLine, #TagLine, #ScenarioLine, #RuleLine, #Empty, got &apos;Scenario Valid username and password&apos;
(14:5): expected: #EOF, #Comment, #BackgroundLine, #TagLine, #ScenarioLine, #RuleLine, #Empty, got &apos;Given I access https://www.saucedemo.com/&apos;
(16:5): expected: #EOF, #Comment, #BackgroundLine, #TagLine, #ScenarioLine, #RuleLine, #Empty, got &apos;When I enter the following credentials:&apos;
(17:7): expected: #EOF, #Comment, #BackgroundLine, #TagLine, #ScenarioLine, #RuleLine, #Empty, got &apos;| username | password |&apos;
(18:7): expected: #EOF, #Comment, #BackgroundLine, #TagLine, #ScenarioLine, #RuleLine, #Empty, got &apos;| locked_out_user  | secret_sauce  |&apos;
(19:5): expected: #EOF, #Comment, #BackgroundLine, #TagLine, #ScenarioLine, #RuleLine, #Empty, got &apos;Then Failed with error msg: Epic sadface: Sorry, this user has been locked out.&apos;
(22:3): expected: #EOF, #Comment, #BackgroundLine, #TagLine, #ScenarioLine, #RuleLine, #Empty, got &apos;Scenario Valid username and password&apos;" type="io.cucumber.core.gherkin.FeatureParserException">io.cucumber.core.gherkin.FeatureParserException: Failed to parse resource at: file:///Users/filippaul/Desktop/AQA_PreEmployment_2022/src/test/resources/FeatureFiles/feature.feature
(7:5): expected: #EOF, #Comment, #BackgroundLine, #TagLine, #ScenarioLine, #RuleLine, #Empty, got &apos;When I enter the following credentials:&apos;
(8:7): expected: #EOF, #Comment, #BackgroundLine, #TagLine, #ScenarioLine, #RuleLine, #Empty, got &apos;| username | password |&apos;
(9:7): expected: #EOF, #Comment, #BackgroundLine, #TagLine, #ScenarioLine, #RuleLine, #Empty, got &apos;| standard_user  | secret_sauce  |&apos;
(10:5): expected: #EOF, #Comment, #BackgroundLine, #TagLine, #ScenarioLine, #RuleLine, #Empty, got &apos;Then I am successfully logged in. Pop-up: Change your password&apos;
(13:3): expected: #EOF, #Comment, #BackgroundLine, #TagLine, #ScenarioLine, #RuleLine, #Empty, got &apos;Scenario Valid username and password&apos;
(14:5): expected: #EOF, #Comment, #BackgroundLine, #TagLine, #ScenarioLine, #RuleLine, #Empty, got &apos;Given I access https://www.saucedemo.com/&apos;
(16:5): expected: #EOF, #Comment, #BackgroundLine, #TagLine, #ScenarioLine, #RuleLine, #Empty, got &apos;When I enter the following credentials:&apos;
(17:7): expected: #EOF, #Comment, #BackgroundLine, #TagLine, #ScenarioLine, #RuleLine, #Empty, got &apos;| username | password |&apos;
(18:7): expected: #EOF, #Comment, #BackgroundLine, #TagLine, #ScenarioLine, #RuleLine, #Empty, got &apos;| locked_out_user  | secret_sauce  |&apos;
(19:5): expected: #EOF, #Comment, #BackgroundLine, #TagLine, #ScenarioLine, #RuleLine, #Empty, got &apos;Then Failed with error msg: Epic sadface: Sorry, this user has been locked out.&apos;
(22:3): expected: #EOF, #Comment, #BackgroundLine, #TagLine, #ScenarioLine, #RuleLine, #Empty, got &apos;Scenario Valid username and password&apos;
	at io.cucumber.core.gherkin.messages.GherkinMessagesFeatureParser.parse(GherkinMessagesFeatureParser.java:56)
	at io.cucumber.core.feature.FeatureParser.parseResource(FeatureParser.java:46)
	at java.base/java.util.function.BiFunction.lambda$andThen$0(BiFunction.java:70)
	at io.cucumber.core.resource.ResourceScanner.lambda$processResource$1(ResourceScanner.java:79)
	at io.cucumber.core.resource.PathScanner$ResourceFileVisitor.visitFile(PathScanner.java:75)
	at io.cucumber.core.resource.PathScanner$ResourceFileVisitor.visitFile(PathScanner.java:60)
	at java.base/java.nio.file.Files.walkFileTree(Files.java:2810)
	at io.cucumber.core.resource.PathScanner.findResourcesForPath(PathScanner.java:53)
	at io.cucumber.core.resource.PathScanner.findResourcesForUri(PathScanner.java:31)
	at io.cucumber.core.resource.ResourceScanner.findResourcesForUri(ResourceScanner.java:61)
	at io.cucumber.core.resource.ResourceScanner.scanForResourcesUri(ResourceScanner.java:134)
	at io.cucumber.core.runtime.FeaturePathFeatureSupplier.loadFeatures(FeaturePathFeatureSupplier.java:62)
	at io.cucumber.core.runtime.FeaturePathFeatureSupplier.get(FeaturePathFeatureSupplier.java:45)
	at io.cucumber.junit.Cucumber.&lt;init&gt;(Cucumber.java:156)
	at java.base/jdk.internal.reflect.DirectConstructorHandleAccessor.newInstance(DirectConstructorHandleAccessor.java:67)
	at java.base/java.lang.reflect.Constructor.newInstanceWithCaller(Constructor.java:500)
	at java.base/java.lang.reflect.Constructor.newInstance(Constructor.java:484)
	at org.junit.internal.builders.AnnotatedBuilder.buildRunner(AnnotatedBuilder.java:104)
	at org.junit.internal.builders.AnnotatedBuilder.runnerForClass(AnnotatedBuilder.java:86)
	at org.junit.runners.model.RunnerBuilder.safeRunnerForClass(RunnerBuilder.java:70)
	at org.junit.internal.builders.AllDefaultPossibilitiesBuilder.runnerForClass(AllDefaultPossibilitiesBuilder.java:37)
	at org.junit.runners.model.RunnerBuilder.safeRunnerForClass(RunnerBuilder.java:70)
	at org.junit.internal.requests.ClassRequest.createRunner(ClassRequest.java:28)
	at org.junit.internal.requests.MemoizingRequest.getRunner(MemoizingRequest.java:19)
	at org.apache.maven.surefire.junit4.JUnit4Provider.execute(JUnit4Provider.java:250)
	at org.apache.maven.surefire.junit4.JUnit4Provider.executeTestSet(JUnit4Provider.java:141)
	at org.apache.maven.surefire.junit4.JUnit4Provider.invoke(JUnit4Provider.java:112)
	at java.base/jdk.internal.reflect.DirectMethodHandleAccessor.invoke(DirectMethodHandleAccessor.java:104)
	at java.base/java.lang.reflect.Method.invoke(Method.java:578)
	at org.apache.maven.surefire.util.ReflectionUtils.invokeMethodWithArray(ReflectionUtils.java:189)
	at org.apache.maven.surefire.booter.ProviderFactory$ProviderProxy.invoke(ProviderFactory.java:165)
	at org.apache.maven.surefire.booter.ProviderFactory.invokeProvider(ProviderFactory.java:85)
	at org.apache.maven.surefire.booter.ForkedBooter.runSuitesInProcess(ForkedBooter.java:115)
	at org.apache.maven.surefire.booter.ForkedBooter.main(ForkedBooter.java:75)
</error>
  </testcase>
</testsuite>